<?xml version="1.0" encoding="UTF-8"?>
<!-- Generated by org.testng.reporters.JUnitReportReporter -->
<testsuite hostname="DESKTOP-G4HKDNI" failures="0" tests="1" name="PS1" time="0.016" errors="0" timestamp="2024-05-06T14:04:50 IST" skipped="0">
  <testcase classname="PS1" name="testRun" time="0.016"/>
  <system-out/>
</testsuite> <!-- PS1 -->
