<?xml version="1.0" encoding="UTF-8"?>
<!-- Generated by org.testng.reporters.JUnitReportReporter -->
<testsuite hostname="DESKTOP-G4HKDNI" failures="0" tests="1" name="atn.Test.ErrorValidationTest" time="6.740" errors="0" timestamp="2024-05-30T18:21:18 IST" skipped="0">
  <testcase classname="atn.Test.ErrorValidationTest" name="LoginErrorValidation" time="6.740"/>
</testsuite> <!-- atn.Test.ErrorValidationTest -->
